<?xml version="1.0" encoding="UTF-8"?>
<!-- Generated by org.testng.reporters.JUnitXMLReporter -->
<testsuite hostname="MunishPC" ignored="1" name="Class test" tests="6" failures="1" timestamp="17 Dec 2018 18:25:30 GMT" time="8.959" errors="0">
  <testcase name="testCase1" time="0.008" classname="da11.TestingBasics"/>
  <testcase name="getTitle" time="0.012" classname="da11.Guru99">
    <failure type="java.lang.AssertionError" message="expected [Guru99 Bank Home Page 1] but found [Guru99 Bank Home Page]">
      <![CDATA[java.lang.AssertionError: expected [Guru99 Bank Home Page 1] but found [Guru99 Bank Home Page]
at da11.Guru99.getTitle(Guru99.java:54)
at java.util.concurrent.ThreadPoolExecutor.runWorker(Unknown Source)
at java.util.concurrent.ThreadPoolExecutor$Worker.run(Unknown Source)
at java.lang.Thread.run(Unknown Source)
... Removed 16 stack frames]]>
    </failure>
  </testcase> <!-- getTitle -->
  <testcase name="testCase3" time="0.004" classname="da11.TestingBasics"/>
  <testcase name="testCase2" time="0.001" classname="da11.TestingBasics"/>
  <testcase name="testCase5" time="0.004" classname="da11.TestingBasics"/>
  <testcase name="logIn" time="1.162" classname="da11.Guru99"/>
  <testcase name="testCase4" time="0.0" classname="da11.TestingBasics">
    <ignored/>
  </testcase> <!-- testCase4 -->
</testsuite> <!-- Class test -->
