<?xml version="1.0" encoding="UTF-8"?>
<!-- Generated by org.testng.reporters.JUnitXMLReporter -->
<testsuite hostname="MunishPC" ignored="2" name="Basic Tests" tests="3" failures="0" timestamp="17 Dec 2018 19:51:26 GMT" time="0.037" errors="0">
  <testcase name="testCase3" time="0.015" classname="da11.TestingBasics"/>
  <testcase name="testCase4" time="0.0" classname="da11.TestingBasics"/>
  <testcase name="testCase2" time="0.0" classname="da11.TestingBasics"/>
  <testcase name="testCase5" time="0.0" classname="da11.TestingBasics">
    <ignored/>
  </testcase> <!-- testCase5 -->
  <testcase name="testCase1" time="0.0" classname="da11.TestingBasics">
    <ignored/>
  </testcase> <!-- testCase1 -->
</testsuite> <!-- Basic Tests -->
