<?xml version="1.0" encoding="UTF-8"?>
<!-- Generated by org.testng.reporters.JUnitXMLReporter -->
<testsuite hostname="MunishPC" ignored="0" name="Default test" tests="8" failures="0" timestamp="17 Dec 2018 19:01:28 GMT" time="0.062" errors="0">
  <testcase name="printTestData" time="0.016" classname="da11.DataProviderExample"/>
  <testcase name="printTestData" time="0.0" classname="da11.DataProviderExample"/>
  <testcase name="printTestData" time="0.0" classname="da11.DataProviderExample"/>
  <testcase name="printTestData" time="0.0" classname="da11.DataProviderExample"/>
  <testcase name="printTestData" time="0.0" classname="da11.DataProviderExample"/>
  <testcase name="printTestData" time="0.0" classname="da11.DataProviderExample"/>
  <testcase name="printTestData" time="0.0" classname="da11.DataProviderExample"/>
  <testcase name="printTestData" time="0.015" classname="da11.DataProviderExample"/>
</testsuite> <!-- Default test -->
