<?xml version="1.0" encoding="UTF-8"?>
<!-- Generated by org.testng.reporters.JUnitXMLReporter -->
<testsuite hostname="MunishPC" ignored="1" name="Default test" tests="4" failures="0" timestamp="14 Dec 2018 23:16:16 GMT" time="0.047" errors="0">
  <testcase name="testCase1" time="0.015" classname="day10.TestingBasics"/>
  <testcase name="testCase3" time="0.0" classname="day10.TestingBasics"/>
  <testcase name="testCase2" time="0.0" classname="day10.TestingBasics"/>
  <testcase name="testCase5" time="0.0" classname="day10.TestingBasics"/>
  <testcase name="testCase4" time="0.0" classname="day10.TestingBasics">
    <ignored/>
  </testcase> <!-- testCase4 -->
</testsuite> <!-- Default test -->
