<?xml version="1.0" encoding="UTF-8"?>
<testng-results skipped="0" failed="0" ignored="2" total="5" passed="3">
  <reporter-output>
  </reporter-output>
  <suite name="Testing Basic Suite" duration-ms="37" started-at="2018-12-17T19:51:26Z" finished-at="2018-12-17T19:51:26Z">
    <groups>
      <group name="Sanity">
        <method signature="TestingBasics.testCase2()[pri:3, instance:da11.TestingBasics@4520ebad]" name="testCase2" class="da11.TestingBasics"/>
        <method signature="TestingBasics.testCase3()[pri:1, instance:da11.TestingBasics@4520ebad]" name="testCase3" class="da11.TestingBasics"/>
      </group> <!-- Sanity -->
      <group name="Regression">
        <method signature="TestingBasics.testCase2()[pri:3, instance:da11.TestingBasics@4520ebad]" name="testCase2" class="da11.TestingBasics"/>
        <method signature="TestingBasics.testCase4()[pri:2, instance:da11.TestingBasics@4520ebad]" name="testCase4" class="da11.TestingBasics"/>
      </group> <!-- Regression -->
    </groups>
    <test name="Basic Tests" duration-ms="37" started-at="2018-12-17T19:51:26Z" finished-at="2018-12-17T19:51:26Z">
      <class name="da11.TestingBasics">
        <test-method status="PASS" signature="beforeClass()[pri:0, instance:da11.TestingBasics@4520ebad]" name="beforeClass" is-config="true" duration-ms="22" started-at="2018-12-17T19:51:26Z" finished-at="2018-12-17T19:51:26Z">
          <reporter-output>
          </reporter-output>
        </test-method> <!-- beforeClass -->
        <test-method status="PASS" signature="testCase3()[pri:1, instance:da11.TestingBasics@4520ebad]" name="testCase3" duration-ms="15" started-at="2018-12-17T19:51:26Z" finished-at="2018-12-17T19:51:26Z">
          <reporter-output>
          </reporter-output>
        </test-method> <!-- testCase3 -->
        <test-method status="PASS" signature="executeBeforeTestCase()[pri:0, instance:da11.TestingBasics@4520ebad]" name="executeBeforeTestCase" is-config="true" duration-ms="0" started-at="2018-12-17T19:51:26Z" finished-at="2018-12-17T19:51:26Z">
          <reporter-output>
          </reporter-output>
        </test-method> <!-- executeBeforeTestCase -->
        <test-method status="PASS" signature="executeBeforeTestCase()[pri:0, instance:da11.TestingBasics@4520ebad]" name="executeBeforeTestCase" is-config="true" duration-ms="0" started-at="2018-12-17T19:51:26Z" finished-at="2018-12-17T19:51:26Z">
          <reporter-output>
          </reporter-output>
        </test-method> <!-- executeBeforeTestCase -->
        <test-method status="PASS" signature="testCase4()[pri:2, instance:da11.TestingBasics@4520ebad]" name="testCase4" duration-ms="0" started-at="2018-12-17T19:51:26Z" finished-at="2018-12-17T19:51:26Z">
          <reporter-output>
          </reporter-output>
        </test-method> <!-- testCase4 -->
        <test-method status="PASS" signature="executeAfterTestCase()[pri:0, instance:da11.TestingBasics@4520ebad]" name="executeAfterTestCase" is-config="true" duration-ms="0" started-at="2018-12-17T19:51:26Z" finished-at="2018-12-17T19:51:26Z">
          <reporter-output>
          </reporter-output>
        </test-method> <!-- executeAfterTestCase -->
        <test-method status="PASS" signature="executeAfterTestCase()[pri:0, instance:da11.TestingBasics@4520ebad]" name="executeAfterTestCase" is-config="true" duration-ms="0" started-at="2018-12-17T19:51:26Z" finished-at="2018-12-17T19:51:26Z">
          <reporter-output>
          </reporter-output>
        </test-method> <!-- executeAfterTestCase -->
        <test-method status="PASS" signature="afterClass()[pri:0, instance:da11.TestingBasics@4520ebad]" name="afterClass" is-config="true" duration-ms="0" started-at="2018-12-17T19:51:26Z" finished-at="2018-12-17T19:51:26Z">
          <reporter-output>
          </reporter-output>
        </test-method> <!-- afterClass -->
        <test-method status="PASS" signature="testCase2()[pri:3, instance:da11.TestingBasics@4520ebad]" name="testCase2" duration-ms="0" started-at="2018-12-17T19:51:26Z" finished-at="2018-12-17T19:51:26Z">
          <reporter-output>
          </reporter-output>
        </test-method> <!-- testCase2 -->
        <test-method status="PASS" signature="executeAfterTestCase()[pri:0, instance:da11.TestingBasics@4520ebad]" name="executeAfterTestCase" is-config="true" duration-ms="0" started-at="2018-12-17T19:51:26Z" finished-at="2018-12-17T19:51:26Z">
          <reporter-output>
          </reporter-output>
        </test-method> <!-- executeAfterTestCase -->
        <test-method status="PASS" signature="executeBeforeTestCase()[pri:0, instance:da11.TestingBasics@4520ebad]" name="executeBeforeTestCase" is-config="true" duration-ms="0" started-at="2018-12-17T19:51:26Z" finished-at="2018-12-17T19:51:26Z">
          <reporter-output>
          </reporter-output>
        </test-method> <!-- executeBeforeTestCase -->
      </class> <!-- da11.TestingBasics -->
    </test> <!-- Basic Tests -->
  </suite> <!-- Testing Basic Suite -->
</testng-results>
